d:\csc5803\csc5803\gametech 2017\build\ncltech\release\ncltech.pdb
d:\csc5803\csc5803\gametech 2017\build\ncltech\release\spherecollisionshape.obj
d:\csc5803\csc5803\gametech 2017\build\ncltech\release\screenpicker.obj
d:\csc5803\csc5803\gametech 2017\build\ncltech\release\scenemanager.obj
d:\csc5803\csc5803\gametech 2017\build\ncltech\release\physicsnode.obj
d:\csc5803\csc5803\gametech 2017\build\ncltech\release\physicsengine.obj
d:\csc5803\csc5803\gametech 2017\build\ncltech\release\octree.obj
d:\csc5803\csc5803\gametech 2017\build\ncltech\release\networkbase.obj
d:\csc5803\csc5803\gametech 2017\build\ncltech\release\manifold.obj
d:\csc5803\csc5803\gametech 2017\build\ncltech\release\hull.obj
d:\csc5803\csc5803\gametech 2017\build\ncltech\release\graphicspipeline.obj
d:\csc5803\csc5803\gametech 2017\build\ncltech\release\geometryutils.obj
d:\csc5803\csc5803\gametech 2017\build\ncltech\release\cuboidcollisionshape.obj
d:\csc5803\csc5803\gametech 2017\build\ncltech\release\commonutils.obj
d:\csc5803\csc5803\gametech 2017\build\ncltech\release\commonmeshes.obj
d:\csc5803\csc5803\gametech 2017\build\ncltech\release\collisiondetectionsat.obj
d:\csc5803\csc5803\gametech 2017\build\release\ncltech.lib
d:\csc5803\csc5803\gametech 2017\build\ncltech\release\ncltech.tlog\cl.command.1.tlog
d:\csc5803\csc5803\gametech 2017\build\ncltech\release\ncltech.tlog\cl.read.1.tlog
d:\csc5803\csc5803\gametech 2017\build\ncltech\release\ncltech.tlog\cl.write.1.tlog
d:\csc5803\csc5803\gametech 2017\build\ncltech\release\ncltech.tlog\lib-link.read.1.tlog
d:\csc5803\csc5803\gametech 2017\build\ncltech\release\ncltech.tlog\lib-link.write.1.tlog
d:\csc5803\csc5803\gametech 2017\build\ncltech\release\ncltech.tlog\lib.command.1.tlog
