d:\csc5803\csc5803\gametech 2017\build\ncltech\debug\ncltech.pdb
d:\csc5803\csc5803\gametech 2017\build\ncltech\debug\ncltech.idb
d:\csc5803\csc5803\gametech 2017\build\ncltech\debug\collisiondetectionsat.obj
d:\csc5803\csc5803\gametech 2017\build\ncltech\debug\commonmeshes.obj
d:\csc5803\csc5803\gametech 2017\build\ncltech\debug\commonutils.obj
d:\csc5803\csc5803\gametech 2017\build\ncltech\debug\cuboidcollisionshape.obj
d:\csc5803\csc5803\gametech 2017\build\ncltech\debug\geometryutils.obj
d:\csc5803\csc5803\gametech 2017\build\ncltech\debug\graphicspipeline.obj
d:\csc5803\csc5803\gametech 2017\build\ncltech\debug\hull.obj
d:\csc5803\csc5803\gametech 2017\build\ncltech\debug\manifold.obj
d:\csc5803\csc5803\gametech 2017\build\ncltech\debug\networkbase.obj
d:\csc5803\csc5803\gametech 2017\build\ncltech\debug\octree.obj
d:\csc5803\csc5803\gametech 2017\build\ncltech\debug\physicsengine.obj
d:\csc5803\csc5803\gametech 2017\build\ncltech\debug\physicsnode.obj
d:\csc5803\csc5803\gametech 2017\build\ncltech\debug\scenemanager.obj
d:\csc5803\csc5803\gametech 2017\build\ncltech\debug\screenpicker.obj
d:\csc5803\csc5803\gametech 2017\build\ncltech\debug\spherecollisionshape.obj
d:\csc5803\csc5803\gametech 2017\build\debug\ncltech.lib
d:\csc5803\csc5803\gametech 2017\build\debug\ncltech.pdb
d:\csc5803\csc5803\gametech 2017\build\ncltech\debug\ncltech.tlog\cl.command.1.tlog
d:\csc5803\csc5803\gametech 2017\build\ncltech\debug\ncltech.tlog\cl.read.1.tlog
d:\csc5803\csc5803\gametech 2017\build\ncltech\debug\ncltech.tlog\cl.write.1.tlog
d:\csc5803\csc5803\gametech 2017\build\ncltech\debug\ncltech.tlog\lib-link.read.1.tlog
d:\csc5803\csc5803\gametech 2017\build\ncltech\debug\ncltech.tlog\lib-link.write.1.tlog
d:\csc5803\csc5803\gametech 2017\build\ncltech\debug\ncltech.tlog\lib.command.1.tlog
